<?xml version="1.0" encoding="UTF-8"?>
<testsuite xmlns:xsi="http://www.w3.org/2001/XMLSchema-instance" xsi:noNamespaceSchemaLocation="https://maven.apache.org/surefire/maven-surefire-plugin/xsd/surefire-test-report.xsd" name="com.campusmarket.messaging.OrderEventSchemaTest" time="0.315" tests="1" errors="0" skipped="0" failures="0">
  <properties>
[...]
</properties>
  <testcase name="orderEventMatchesSchema" classname="com.campusmarket.messaging.OrderEventSchemaTest" time="0.313"/>
</testsuite>